<?xml version="1.0" encoding="UTF-8"?>
<!-- Generated by org.testng.reporters.JUnitXMLReporter -->
<testsuite ignored="0" hostname="E5-575G" failures="1" tests="2" name="Test" time="123.793" errors="0" timestamp="2024-03-27T19:20:35 IST">
  <testcase classname="testCase.TC_001_AccountRegistrationTest" name="verifyAccountRegistration" time="38.43">
    <failure type="java.lang.AssertionError" message="null">
      <![CDATA[java.lang.AssertionError: null
at testCase.TC_001_AccountRegistrationTest.verifyAccountRegistration(TC_001_AccountRegistrationTest.java:70)
at java.base/java.util.ArrayList.forEach(ArrayList.java:1596)
... Removed 27 stack frames]]>
    </failure>
  </testcase> <!-- verifyAccountRegistration -->
  <testcase classname="testCase.TC_002_LoginTest" name="verifyLogin" time="25.519"/>
</testsuite> <!-- Test -->
