<?xml version="1.0" encoding="UTF-8"?>
<!-- Generated by org.testng.reporters.JUnitXMLReporter -->
<testsuite ignored="0" hostname="E5-575G" failures="1" tests="2" name="Test" time="107.215" errors="0" timestamp="2024-04-01T16:42:13 IST">
  <testcase classname="testCase.TC_001_AccountRegistrationTest" name="verifyAccountRegistration" time="36.423">
    <failure type="java.lang.AssertionError" message="null">
      <![CDATA[java.lang.AssertionError: null
at testCase.TC_001_AccountRegistrationTest.verifyAccountRegistration(TC_001_AccountRegistrationTest.java:70)
at java.base/java.util.ArrayList.forEach(ArrayList.java:1596)
... Removed 31 stack frames]]>
    </failure>
  </testcase> <!-- verifyAccountRegistration -->
  <testcase classname="testCase.TC_002_LoginTest" name="verifyLogin" time="21.447"/>
</testsuite> <!-- Test -->
